<?xml version='1.0' encoding='UTF-8'?>
<testsuite hostname="Paidy161.local" name="democracy.MajorityJudgementSuite" tests="9" errors="0" failures="0" skipped="0" time="0.232" timestamp="2021-07-04T17:19:54">
                     <properties>
[...]
</properties>
                     <testcase classname="democracy.MajorityJudgementSuite" name="The median of an empty collection is undefined" time="0.05">
                                                 
                                               </testcase><testcase classname="democracy.MajorityJudgementSuite" name="The median of a collection with a single element should be that element" time="0.003">
                                                 
                                               </testcase><testcase classname="democracy.MajorityJudgementSuite" name="The median of a collection with two elements can be any of those two elements" time="0.002">
                                                 
                                               </testcase><testcase classname="democracy.MajorityJudgementSuite" name="The first (resp. second) half of a sorted collection should be lower (resp. higher) than the median grade" time="0.028">
                                                 
                                               </testcase><testcase classname="democracy.MajorityJudgementSuite" name="A median value minimizes the arithmetic mean of the absolute deviations of a collection" time="0.021">
                                                 
                                               </testcase><testcase classname="democracy.MajorityJudgementSuite" name="The winner is the candidate that received an absolute majority of the highest grades given by all the voters" time="0.124">
                                                 
                                               </testcase><testcase classname="democracy.MajorityJudgementSuite" name="full scenario with no tie-break" time="0.001">
                                                 
                                               </testcase><testcase classname="democracy.MajorityJudgementSuite" name="full scenario with a tie-break" time="0.002">
                                                 
                                               </testcase><testcase classname="democracy.MajorityJudgementSuite" name="full scenario with a tie-break and the same grades for cooking and hiking" time="0.001">
                                                 
                                               </testcase>
                     <system-out><![CDATA[]]></system-out>
                     <system-err><![CDATA[]]></system-err>
                   </testsuite>